/home/rui/github_ws/Turin_ROS2/turin_tcp/install/turin_tcp/lib/python3.10/site-packages/turin_tcp/joint_state_publisher.py
/home/rui/github_ws/Turin_ROS2/turin_tcp/install/turin_tcp/lib/python3.10/site-packages/turin_tcp/joint_state_listener.py
/home/rui/github_ws/Turin_ROS2/turin_tcp/install/turin_tcp/lib/python3.10/site-packages/turin_tcp/tcp_connection_node.py
/home/rui/github_ws/Turin_ROS2/turin_tcp/install/turin_tcp/lib/python3.10/site-packages/turin_tcp/__init__.py
/home/rui/github_ws/Turin_ROS2/turin_tcp/install/turin_tcp/lib/python3.10/site-packages/turin_tcp/__pycache__/joint_state_publisher.cpython-310.pyc
/home/rui/github_ws/Turin_ROS2/turin_tcp/install/turin_tcp/lib/python3.10/site-packages/turin_tcp/__pycache__/joint_state_listener.cpython-310.pyc
/home/rui/github_ws/Turin_ROS2/turin_tcp/install/turin_tcp/lib/python3.10/site-packages/turin_tcp/__pycache__/tcp_connection_node.cpython-310.pyc
/home/rui/github_ws/Turin_ROS2/turin_tcp/install/turin_tcp/lib/python3.10/site-packages/turin_tcp/__pycache__/__init__.cpython-310.pyc
/home/rui/github_ws/Turin_ROS2/turin_tcp/install/turin_tcp/share/ament_index/resource_index/packages/turin_tcp
/home/rui/github_ws/Turin_ROS2/turin_tcp/install/turin_tcp/share/turin_tcp/package.xml
/home/rui/github_ws/Turin_ROS2/turin_tcp/install/turin_tcp/lib/python3.10/site-packages/turin_tcp-0.0.1-py3.10.egg-info/top_level.txt
/home/rui/github_ws/Turin_ROS2/turin_tcp/install/turin_tcp/lib/python3.10/site-packages/turin_tcp-0.0.1-py3.10.egg-info/dependency_links.txt
/home/rui/github_ws/Turin_ROS2/turin_tcp/install/turin_tcp/lib/python3.10/site-packages/turin_tcp-0.0.1-py3.10.egg-info/entry_points.txt
/home/rui/github_ws/Turin_ROS2/turin_tcp/install/turin_tcp/lib/python3.10/site-packages/turin_tcp-0.0.1-py3.10.egg-info/zip-safe
/home/rui/github_ws/Turin_ROS2/turin_tcp/install/turin_tcp/lib/python3.10/site-packages/turin_tcp-0.0.1-py3.10.egg-info/requires.txt
/home/rui/github_ws/Turin_ROS2/turin_tcp/install/turin_tcp/lib/python3.10/site-packages/turin_tcp-0.0.1-py3.10.egg-info/PKG-INFO
/home/rui/github_ws/Turin_ROS2/turin_tcp/install/turin_tcp/lib/python3.10/site-packages/turin_tcp-0.0.1-py3.10.egg-info/SOURCES.txt
/home/rui/github_ws/Turin_ROS2/turin_tcp/install/turin_tcp/lib/turin_tcp/joint_state_listener
/home/rui/github_ws/Turin_ROS2/turin_tcp/install/turin_tcp/lib/turin_tcp/joint_state_publisher
/home/rui/github_ws/Turin_ROS2/turin_tcp/install/turin_tcp/lib/turin_tcp/tcp_connection_node
