[0.512s] Invoking command in '/home/rui/ros2_ws/src/turin_tcp': PYTHONPATH=/home/rui/ros2_ws/src/turin_tcp/build/turin_tcp/prefix_override:/home/rui/ros2_ws/src/turin_tcp/install/turin_tcp/lib/python3.10/site-packages:${PYTHONPATH} /usr/bin/python3 -W ignore:setup.py install is deprecated setup.py egg_info --egg-base build/turin_tcp build --build-base /home/rui/ros2_ws/src/turin_tcp/build/turin_tcp/build install --record /home/rui/ros2_ws/src/turin_tcp/build/turin_tcp/install.log --single-version-externally-managed install_data
[0.700s] running egg_info
[0.700s] writing build/turin_tcp/turin_tcp.egg-info/PKG-INFO
[0.700s] writing dependency_links to build/turin_tcp/turin_tcp.egg-info/dependency_links.txt
[0.701s] writing entry points to build/turin_tcp/turin_tcp.egg-info/entry_points.txt
[0.701s] writing requirements to build/turin_tcp/turin_tcp.egg-info/requires.txt
[0.701s] writing top-level names to build/turin_tcp/turin_tcp.egg-info/top_level.txt
[0.703s] reading manifest file 'build/turin_tcp/turin_tcp.egg-info/SOURCES.txt'
[0.703s] writing manifest file 'build/turin_tcp/turin_tcp.egg-info/SOURCES.txt'
[0.703s] running build
[0.703s] running build_py
[0.704s] copying turin_tcp/tcp_client_node.py -> /home/rui/ros2_ws/src/turin_tcp/build/turin_tcp/build/lib/turin_tcp
[0.704s] running install
[0.704s] running install_lib
[0.704s] copying /home/rui/ros2_ws/src/turin_tcp/build/turin_tcp/build/lib/turin_tcp/tcp_client_node.py -> /home/rui/ros2_ws/src/turin_tcp/install/turin_tcp/lib/python3.10/site-packages/turin_tcp
[0.705s] byte-compiling /home/rui/ros2_ws/src/turin_tcp/install/turin_tcp/lib/python3.10/site-packages/turin_tcp/tcp_client_node.py to tcp_client_node.cpython-310.pyc
[0.706s] running install_data
[0.706s] running install_egg_info
[0.707s] removing '/home/rui/ros2_ws/src/turin_tcp/install/turin_tcp/lib/python3.10/site-packages/turin_tcp-0.0.0-py3.10.egg-info' (and everything under it)
[0.707s] Copying build/turin_tcp/turin_tcp.egg-info to /home/rui/ros2_ws/src/turin_tcp/install/turin_tcp/lib/python3.10/site-packages/turin_tcp-0.0.0-py3.10.egg-info
[0.708s] running install_scripts
[0.726s] Installing tcp_client script to /home/rui/ros2_ws/src/turin_tcp/install/turin_tcp/lib/turin_tcp
[0.726s] writing list of installed files to '/home/rui/ros2_ws/src/turin_tcp/build/turin_tcp/install.log'
[0.747s] Invoked command in '/home/rui/ros2_ws/src/turin_tcp' returned '0': PYTHONPATH=/home/rui/ros2_ws/src/turin_tcp/build/turin_tcp/prefix_override:/home/rui/ros2_ws/src/turin_tcp/install/turin_tcp/lib/python3.10/site-packages:${PYTHONPATH} /usr/bin/python3 -W ignore:setup.py install is deprecated setup.py egg_info --egg-base build/turin_tcp build --build-base /home/rui/ros2_ws/src/turin_tcp/build/turin_tcp/build install --record /home/rui/ros2_ws/src/turin_tcp/build/turin_tcp/install.log --single-version-externally-managed install_data
