[0.606s] Invoking command in '/home/rui/ros2_ws/src/turin_tcp': PYTHONPATH=/home/rui/ros2_ws/src/turin_tcp/build/turin_tcp/prefix_override:/home/rui/ros2_ws/src/turin_tcp/install/turin_tcp/lib/python3.10/site-packages:${PYTHONPATH} /usr/bin/python3 -W ignore:setup.py install is deprecated setup.py egg_info --egg-base build/turin_tcp build --build-base /home/rui/ros2_ws/src/turin_tcp/build/turin_tcp/build install --record /home/rui/ros2_ws/src/turin_tcp/build/turin_tcp/install.log --single-version-externally-managed install_data
[0.812s] running egg_info
[0.813s] writing build/turin_tcp/turin_tcp.egg-info/PKG-INFO
[0.814s] writing dependency_links to build/turin_tcp/turin_tcp.egg-info/dependency_links.txt
[0.814s] writing entry points to build/turin_tcp/turin_tcp.egg-info/entry_points.txt
[0.814s] writing requirements to build/turin_tcp/turin_tcp.egg-info/requires.txt
[0.814s] writing top-level names to build/turin_tcp/turin_tcp.egg-info/top_level.txt
[0.816s] reading manifest file 'build/turin_tcp/turin_tcp.egg-info/SOURCES.txt'
[0.816s] writing manifest file 'build/turin_tcp/turin_tcp.egg-info/SOURCES.txt'
[0.817s] running build
[0.817s] running build_py
[0.817s] copying turin_tcp/joint_state_listener.py -> /home/rui/ros2_ws/src/turin_tcp/build/turin_tcp/build/lib/turin_tcp
[0.817s] running install
[0.818s] running install_lib
[0.818s] copying /home/rui/ros2_ws/src/turin_tcp/build/turin_tcp/build/lib/turin_tcp/joint_state_listener.py -> /home/rui/ros2_ws/src/turin_tcp/install/turin_tcp/lib/python3.10/site-packages/turin_tcp
[0.819s] byte-compiling /home/rui/ros2_ws/src/turin_tcp/install/turin_tcp/lib/python3.10/site-packages/turin_tcp/joint_state_listener.py to joint_state_listener.cpython-310.pyc
[0.820s] running install_data
[0.820s] running install_egg_info
[0.821s] removing '/home/rui/ros2_ws/src/turin_tcp/install/turin_tcp/lib/python3.10/site-packages/turin_tcp-0.0.1-py3.10.egg-info' (and everything under it)
[0.822s] Copying build/turin_tcp/turin_tcp.egg-info to /home/rui/ros2_ws/src/turin_tcp/install/turin_tcp/lib/python3.10/site-packages/turin_tcp-0.0.1-py3.10.egg-info
[0.822s] running install_scripts
[0.843s] Installing joint_state_listener script to /home/rui/ros2_ws/src/turin_tcp/install/turin_tcp/lib/turin_tcp
[0.843s] Installing joint_state_publisher script to /home/rui/ros2_ws/src/turin_tcp/install/turin_tcp/lib/turin_tcp
[0.844s] Installing tcp_connection_node script to /home/rui/ros2_ws/src/turin_tcp/install/turin_tcp/lib/turin_tcp
[0.844s] writing list of installed files to '/home/rui/ros2_ws/src/turin_tcp/build/turin_tcp/install.log'
[0.868s] Invoked command in '/home/rui/ros2_ws/src/turin_tcp' returned '0': PYTHONPATH=/home/rui/ros2_ws/src/turin_tcp/build/turin_tcp/prefix_override:/home/rui/ros2_ws/src/turin_tcp/install/turin_tcp/lib/python3.10/site-packages:${PYTHONPATH} /usr/bin/python3 -W ignore:setup.py install is deprecated setup.py egg_info --egg-base build/turin_tcp build --build-base /home/rui/ros2_ws/src/turin_tcp/build/turin_tcp/build install --record /home/rui/ros2_ws/src/turin_tcp/build/turin_tcp/install.log --single-version-externally-managed install_data
