running egg_info
writing build/turin_tcp/turin_tcp.egg-info/PKG-INFO
writing dependency_links to build/turin_tcp/turin_tcp.egg-info/dependency_links.txt
writing entry points to build/turin_tcp/turin_tcp.egg-info/entry_points.txt
writing requirements to build/turin_tcp/turin_tcp.egg-info/requires.txt
writing top-level names to build/turin_tcp/turin_tcp.egg-info/top_level.txt
reading manifest file 'build/turin_tcp/turin_tcp.egg-info/SOURCES.txt'
writing manifest file 'build/turin_tcp/turin_tcp.egg-info/SOURCES.txt'
running build
running build_py
copying turin_tcp/joint_state_listener.py -> /home/rui/github_ws/Turin_ROS2/turin_tcp/build/turin_tcp/build/lib/turin_tcp
running install
running install_lib
copying /home/rui/github_ws/Turin_ROS2/turin_tcp/build/turin_tcp/build/lib/turin_tcp/joint_state_listener.py -> /home/rui/github_ws/Turin_ROS2/turin_tcp/install/turin_tcp/lib/python3.10/site-packages/turin_tcp
byte-compiling /home/rui/github_ws/Turin_ROS2/turin_tcp/install/turin_tcp/lib/python3.10/site-packages/turin_tcp/joint_state_listener.py to joint_state_listener.cpython-310.pyc
running install_data
running install_egg_info
removing '/home/rui/github_ws/Turin_ROS2/turin_tcp/install/turin_tcp/lib/python3.10/site-packages/turin_tcp-0.0.1-py3.10.egg-info' (and everything under it)
Copying build/turin_tcp/turin_tcp.egg-info to /home/rui/github_ws/Turin_ROS2/turin_tcp/install/turin_tcp/lib/python3.10/site-packages/turin_tcp-0.0.1-py3.10.egg-info
running install_scripts
Installing joint_state_listener script to /home/rui/github_ws/Turin_ROS2/turin_tcp/install/turin_tcp/lib/turin_tcp
Installing joint_state_publisher script to /home/rui/github_ws/Turin_ROS2/turin_tcp/install/turin_tcp/lib/turin_tcp
Installing tcp_connection_node script to /home/rui/github_ws/Turin_ROS2/turin_tcp/install/turin_tcp/lib/turin_tcp
writing list of installed files to '/home/rui/github_ws/Turin_ROS2/turin_tcp/build/turin_tcp/install.log'
